Build started 9/16/2014 8:34:05 PM.
     1>Project "C:\Users\clown_000\Documents\GitHub\CS_341_Projects\hw2\hw2\hw2.vcxproj" on node 2 (Build target(s)).
     1>ClCompile:
         C:\Program Files (x86)\Microsoft Visual Studio 12.0\VC\bin\CL.exe /c /Zi /nologo /W3 /WX- /sdl /O2 /Oi /Oy- /GL /D WIN32 /D NDEBUG /D _CONSOLE /D _LIB /D _UNICODE /D UNICODE /Gm- /EHsc /MD /GS /Gy /fp:precise /Zc:wchar_t /Zc:forScope /Fo"Release\\" /Fd"Release\vc120.pdb" /Gd /TP /analyze- /errorReport:prompt ..\..\..\..\..\Downloads\hw2main.cpp
         hw2main.cpp
     1>C:\Program Files (x86)\Microsoft Visual Studio 12.0\VC\include\numeric(20): warning C4244: '=' : conversion from 'double' to 'int', possible loss of data
                 C:\Program Files (x86)\Microsoft Visual Studio 12.0\VC\include\numeric(31) : see reference to function template instantiation '_Ty std::_Accumulate<const double*,_Ty,_Fn2>(_InIt,_InIt,_Ty,_Fn2)' being compiled
                 with
                 [
                     _Ty=int
         ,            _Fn2=std::plus<void>
         ,            _InIt=const double *
                 ]
                 C:\Program Files (x86)\Microsoft Visual Studio 12.0\VC\include\numeric(39) : see reference to function template instantiation '_Ty std::accumulate<_InIt,_Ty,std::plus<void>>(_InIt,_InIt,_Ty,_Fn2)' being compiled
                 with
                 [
                     _Ty=int
         ,            _InIt=std::_Vector_const_iterator<std::_Vector_val<std::_Simple_types<double>>>
         ,            _Fn2=std::plus<void>
                 ]
                 ..\..\..\..\..\Downloads\hw2main.cpp(147) : see reference to function template instantiation '_Ty std::accumulate<std::_Vector_const_iterator<std::_Vector_val<std::_Simple_types<double>>>,int>(_InIt,_InIt,_Ty)' being compiled
                 with
                 [
                     _Ty=int
         ,            _InIt=std::_Vector_const_iterator<std::_Vector_val<std::_Simple_types<double>>>
                 ]
       Link:
         C:\Program Files (x86)\Microsoft Visual Studio 12.0\VC\bin\link.exe /ERRORREPORT:PROMPT /OUT:"C:\Users\clown_000\Documents\GitHub\CS_341_Projects\hw2\Release\hw2.exe" /INCREMENTAL:NO /NOLOGO kernel32.lib user32.lib gdi32.lib winspool.lib comdlg32.lib advapi32.lib shell32.lib ole32.lib oleaut32.lib uuid.lib odbc32.lib odbccp32.lib /MANIFEST /MANIFESTUAC:"level='asInvoker' uiAccess='false'" /manifest:embed /DEBUG /PDB:"C:\Users\clown_000\Documents\GitHub\CS_341_Projects\hw2\Release\hw2.pdb" /SUBSYSTEM:CONSOLE /OPT:REF /OPT:ICF /LTCG /TLBID:1 /DYNAMICBASE /NXCOMPAT /IMPLIB:"C:\Users\clown_000\Documents\GitHub\CS_341_Projects\hw2\Release\hw2.lib" /MACHINE:X86 /SAFESEH Release\hw2main.obj
         Generating code
         Finished generating code
         hw2.vcxproj -> C:\Users\clown_000\Documents\GitHub\CS_341_Projects\hw2\Release\hw2.exe
     1>Done Building Project "C:\Users\clown_000\Documents\GitHub\CS_341_Projects\hw2\hw2\hw2.vcxproj" (Build target(s)).

Build succeeded.

Time Elapsed 00:00:04.94
