Build started 9/16/2014 1:08:56 PM.
     1>Project "C:\Users\clown_000\Documents\GitHub\CS_341_Projects\hw2\hw2\hw2.vcxproj" on node 2 (Build target(s)).
     1>ClCompile:
         C:\Program Files (x86)\Microsoft Visual Studio 12.0\VC\bin\CL.exe /c /ZI /nologo /W3 /WX- /sdl /Od /Oy- /D WIN32 /D _DEBUG /D _CONSOLE /D _LIB /D _UNICODE /D UNICODE /Gm /EHsc /RTC1 /MDd /GS /fp:precise /Zc:wchar_t /Zc:forScope /Fo"Debug\\" /Fd"Debug\vc120.pdb" /Gd /TP /analyze- /errorReport:prompt ..\..\..\..\..\Downloads\hw2main.cpp
         hw2main.cpp
     1>c:\users\clown_000\downloads\hw2main.cpp(103): warning C4244: 'argument' : conversion from '__int64' to 'unsigned int', possible loss of data
                 c:\users\clown_000\downloads\hw2main.cpp(182) : see reference to function template instantiation 'void parseMovie<std::vector<std::pair<std::string,std::vector<double,std::allocator<_Ty>>>,std::allocator<std::pair<std::string,std::vector<_Ty,std::allocator<_Ty>>>>>>(const std::string &,Vector &)' being compiled
                 with
                 [
                     _Ty=double
         ,            Vector=std::vector<std::pair<std::string,std::vector<double,std::allocator<double>>>,std::allocator<std::pair<std::string,std::vector<double,std::allocator<double>>>>>
                 ]
     1>c:\program files (x86)\microsoft visual studio 12.0\vc\include\numeric(20): warning C4244: '=' : conversion from 'double' to 'int', possible loss of data
                 c:\program files (x86)\microsoft visual studio 12.0\vc\include\numeric(31) : see reference to function template instantiation '_Ty std::_Accumulate<const double*,_Ty,_Fn2>(_InIt,_InIt,_Ty,_Fn2)' being compiled
                 with
                 [
                     _Ty=int
         ,            _Fn2=std::plus<void>
         ,            _InIt=const double *
                 ]
                 c:\program files (x86)\microsoft visual studio 12.0\vc\include\numeric(39) : see reference to function template instantiation '_Ty std::accumulate<_InIt,_Ty,std::plus<void>>(_InIt,_InIt,_Ty,_Fn2)' being compiled
                 with
                 [
                     _Ty=int
         ,            _InIt=std::_Vector_const_iterator<std::_Vector_val<std::_Simple_types<double>>>
         ,            _Fn2=std::plus<void>
                 ]
                 c:\users\clown_000\downloads\hw2main.cpp(144) : see reference to function template instantiation '_Ty std::accumulate<std::_Vector_const_iterator<std::_Vector_val<std::_Simple_types<double>>>,int>(_InIt,_InIt,_Ty)' being compiled
                 with
                 [
                     _Ty=int
         ,            _InIt=std::_Vector_const_iterator<std::_Vector_val<std::_Simple_types<double>>>
                 ]
       Link:
         C:\Program Files (x86)\Microsoft Visual Studio 12.0\VC\bin\link.exe /ERRORREPORT:PROMPT /OUT:"C:\Users\clown_000\Documents\GitHub\CS_341_Projects\hw2\Debug\hw2.exe" /INCREMENTAL /NOLOGO kernel32.lib user32.lib gdi32.lib winspool.lib comdlg32.lib advapi32.lib shell32.lib ole32.lib oleaut32.lib uuid.lib odbc32.lib odbccp32.lib /MANIFEST /MANIFESTUAC:"level='asInvoker' uiAccess='false'" /manifest:embed /DEBUG /PDB:"C:\Users\clown_000\Documents\GitHub\CS_341_Projects\hw2\Debug\hw2.pdb" /SUBSYSTEM:CONSOLE /TLBID:1 /DYNAMICBASE /NXCOMPAT /IMPLIB:"C:\Users\clown_000\Documents\GitHub\CS_341_Projects\hw2\Debug\hw2.lib" /MACHINE:X86 Debug\hw2main.obj
         hw2.vcxproj -> C:\Users\clown_000\Documents\GitHub\CS_341_Projects\hw2\Debug\hw2.exe
     1>Done Building Project "C:\Users\clown_000\Documents\GitHub\CS_341_Projects\hw2\hw2\hw2.vcxproj" (Build target(s)).

Build succeeded.

Time Elapsed 00:00:01.48
