Build started 9/4/2014 12:51:11 PM.
     1>Project "C:\Users\clown_000\Documents\GitHub\CS_341_Projects\hw1main\hw1main\hw1main.vcxproj" on node 2 (Build target(s)).
     1>ClCompile:
         C:\Program Files (x86)\Microsoft Visual Studio 12.0\VC\bin\CL.exe /c /ZI /nologo /W3 /WX- /Od /Oy- /D WIN32 /D _DEBUG /D _CONSOLE /D _LIB /D _UNICODE /D UNICODE /Gm /EHsc /RTC1 /MDd /GS /fp:precise /Zc:wchar_t /Zc:forScope /Fo"Debug\\" /Fd"Debug\vc120.pdb" /Gd /TP /analyze- /errorReport:prompt main.cpp
         main.cpp
     1>c:\program files (x86)\microsoft visual studio 12.0\vc\include\numeric(20): warning C4244: '=' : conversion from 'double' to 'int', possible loss of data
                 c:\program files (x86)\microsoft visual studio 12.0\vc\include\numeric(31) : see reference to function template instantiation '_Ty std::_Accumulate<double*,_Ty,_Fn2>(_InIt,_InIt,_Ty,_Fn2)' being compiled
                 with
                 [
                     _Ty=int
         ,            _Fn2=std::plus<void>
         ,            _InIt=double *
                 ]
                 c:\program files (x86)\microsoft visual studio 12.0\vc\include\numeric(39) : see reference to function template instantiation '_Ty std::accumulate<_InIt,_Ty,std::plus<void>>(_InIt,_InIt,_Ty,_Fn2)' being compiled
                 with
                 [
                     _Ty=int
         ,            _InIt=std::_Vector_iterator<std::_Vector_val<std::_Simple_types<double>>>
         ,            _Fn2=std::plus<void>
                 ]
                 c:\users\clown_000\documents\github\cs_341_projects\hw1main\hw1main\main.cpp(103) : see reference to function template instantiation '_Ty std::accumulate<std::_Vector_iterator<std::_Vector_val<std::_Simple_types<double>>>,int>(_InIt,_InIt,_Ty)' being compiled
                 with
                 [
                     _Ty=int
         ,            _InIt=std::_Vector_iterator<std::_Vector_val<std::_Simple_types<double>>>
                 ]
       Link:
         C:\Program Files (x86)\Microsoft Visual Studio 12.0\VC\bin\link.exe /ERRORREPORT:PROMPT /OUT:"C:\Users\clown_000\Documents\GitHub\CS_341_Projects\hw1main\Debug\hw1main.exe" /INCREMENTAL /NOLOGO kernel32.lib user32.lib gdi32.lib winspool.lib comdlg32.lib advapi32.lib shell32.lib ole32.lib oleaut32.lib uuid.lib odbc32.lib odbccp32.lib /MANIFEST /MANIFESTUAC:"level='asInvoker' uiAccess='false'" /manifest:embed /DEBUG /PDB:"C:\Users\clown_000\Documents\GitHub\CS_341_Projects\hw1main\Debug\hw1main.pdb" /SUBSYSTEM:CONSOLE /TLBID:1 /DYNAMICBASE /NXCOMPAT /IMPLIB:"C:\Users\clown_000\Documents\GitHub\CS_341_Projects\hw1main\Debug\hw1main.lib" /MACHINE:X86 Debug\main.obj
         hw1main.vcxproj -> C:\Users\clown_000\Documents\GitHub\CS_341_Projects\hw1main\Debug\hw1main.exe
     1>Done Building Project "C:\Users\clown_000\Documents\GitHub\CS_341_Projects\hw1main\hw1main\hw1main.vcxproj" (Build target(s)).

Build succeeded.

Time Elapsed 00:00:02.00
